Build started 04/05/2021 03:14:45 p.m..
     1>Project "D:\aplicativos\pg_dirty\pg_dirty\pg_dirty.vcxproj" on node 2 (build target(s)).
     1>InitializeBuildStatus:
         Creating "x64\Release\pg_dirty.unsuccessfulbuild" because "AlwaysCreate" was specified.
       ClCompile:
         c:\Program Files (x86)\Microsoft Visual Studio 10.0\VC\bin\x86_amd64\CL.exe /c /I"C:\Program Files\PostgreSQL\10\include" /I"C:\Program Files\PostgreSQL\10\include\server" /I"C:\Program Files\PostgreSQL\10\include\server\port\win32" /I"C:\Program Files\PostgreSQL\10\include\server\port\win32_msvc" /Zi /nologo /W3 /WX- /O2 /Oi /GL /D _WINDLL /D _MBCS /Gm- /MD /GS /Gy /fp:precise /Zc:wchar_t /Zc:forScope /Fo"x64\Release\\" /Fd"x64\Release\vc100.pdb" /Gd /TC /errorReport:prompt "..\..\pg_dirtyread-master\pg_dirtyread-master\dirtyread_tupconvert.c" "..\..\pg_dirtyread-master\pg_dirtyread-master\pg_dirtyread.c"
         dirtyread_tupconvert.c
         pg_dirtyread.c
       Link:
         c:\Program Files (x86)\Microsoft Visual Studio 10.0\VC\bin\x86_amd64\link.exe /ERRORREPORT:PROMPT /OUT:"D:\aplicativos\pg_dirty\x64\Release\pg_dirty.dll" /NOLOGO /LIBPATH:"C:\Program Files\PostgreSQL\10\lib" kernel32.lib user32.lib gdi32.lib winspool.lib comdlg32.lib advapi32.lib shell32.lib ole32.lib oleaut32.lib uuid.lib odbc32.lib odbccp32.lib kernel32.lib user32.lib gdi32.lib winspool.lib comdlg32.lib advapi32.lib shell32.lib ole32.lib oleaut32.lib uuid.lib odbc32.lib odbccp32.lib postgres.lib libintl.lib /MANIFEST /ManifestFile:"x64\Release\pg_dirty.dll.intermediate.manifest" /MANIFESTUAC:"level='asInvoker' uiAccess='false'" /DEBUG /PDB:"D:\aplicativos\pg_dirty\x64\Release\pg_dirty.pdb" /OPT:REF /OPT:ICF /LTCG /TLBID:1 /DYNAMICBASE /NXCOMPAT /IMPLIB:"D:\aplicativos\pg_dirty\x64\Release\pg_dirty.lib" /MACHINE:X64 /DLL x64\Release\dirtyread_tupconvert.obj
         x64\Release\pg_dirtyread.obj
            Creating library D:\aplicativos\pg_dirty\x64\Release\pg_dirty.lib and object D:\aplicativos\pg_dirty\x64\Release\pg_dirty.exp
         Generating code
         Finished generating code
         pg_dirty.vcxproj -> D:\aplicativos\pg_dirty\x64\Release\pg_dirty.dll
       Manifest:
         c:\Program Files (x86)\Microsoft SDKs\Windows\v7.0A\bin\mt.exe /nologo /verbose /outputresource:"D:\aplicativos\pg_dirty\x64\Release\pg_dirty.dll;#2" /manifest x64\Release\pg_dirty.dll.intermediate.manifest
       FinalizeBuildStatus:
         Deleting file "x64\Release\pg_dirty.unsuccessfulbuild".
         Touching "x64\Release\pg_dirty.lastbuildstate".
     1>Done Building Project "D:\aplicativos\pg_dirty\pg_dirty\pg_dirty.vcxproj" (build target(s)).

Build succeeded.

Time Elapsed 00:00:02.91
